2015-11-14T21:10:13.0496933Z,Updating branch 'master'.,e5d585b5-37ff-4885-a3cc-0f0c33b7b19b,0
2015-11-14T21:10:13.2840524Z,Updating submodules.,08667f9d-4284-4580-b3a3-55144fbe25b3,0
2015-11-14T21:10:13.3309461Z,Preparing deployment for commit id '8d512b2ca9'.,5779dbe1-49a4-4ec8-b638-e391d5f51c8b,0
	2015-11-14T21:10:13.4715782Z,Found solution 'D:\home\site\wwwroot\FlaskWebProject.sln' with no deployable projects. Deploying files instead.,,0
2015-11-14T21:10:13.5340563Z,Generating deployment script.,680e74e0-8c11-4c65-9372-c0c1306dd3c8,0
	2015-11-14T21:10:13.6121887Z,Using cached version of deployment script (command: 'azure -y --no-dot-deployment -r "D:\home\site\wwwroot" -o "D:\home\site\deployments\tools" --python').,,0
2015-11-14T21:10:13.6434360Z,Running deployment command...,daa36d8f-5d1f-4780-875a-a034a9a10701,0
	2015-11-14T21:10:13.6434360Z,Command: "D:\home\site\deployments\tools\deploy.cmd",,0
	2015-11-14T21:10:14.2684500Z,Handling python deployment.,,0
	2015-11-14T21:10:14.2684500Z,Detected requirements.txt.  You can skip Python specific steps with a .skipPythonDeployment file.,,0
	2015-11-14T21:10:14.3934760Z,Detecting Python runtime from site configuration,,0
	2015-11-14T21:10:14.4090790Z,Detected python-2.7,,0
	2015-11-14T21:10:14.4090790Z,Found compatible virtual environment.,,0
	2015-11-14T21:10:14.4090790Z,Pip install requirements.,,0
	2015-11-14T21:10:17.3557106Z,Requirement already satisfied (use --upgrade to upgrade): Flask<1 in d:\home\site\wwwroot\env\lib\site-packages (from -r requirements.txt (line 1)),,0
	2015-11-14T21:10:17.3713251Z,Requirement already satisfied (use --upgrade to upgrade): Werkzeug>=0.7 in d:\home\site\wwwroot\env\lib\site-packages (from Flask<1->-r requirements.txt (line 1)),,0
	2015-11-14T21:10:17.3713251Z,Requirement already satisfied (use --upgrade to upgrade): Jinja2>=2.4 in d:\home\site\wwwroot\env\lib\site-packages (from Flask<1->-r requirements.txt (line 1)),,0
	2015-11-14T21:10:17.3713251Z,Requirement already satisfied (use --upgrade to upgrade): itsdangerous>=0.21 in d:\home\site\wwwroot\env\lib\site-packages (from Flask<1->-r requirements.txt (line 1)),,0
	2015-11-14T21:10:17.3915646Z,Cleaning up...,,0
	2015-11-14T21:10:17.4182219Z,Overwriting web.config with web.2.7.config,,0
	2015-11-14T21:10:17.4338556Z,        1 file(s) copied.,,0
	2015-11-14T21:10:17.4651004Z,Finished successfully.,,0
2015-11-14T21:10:17.4963280Z,Deployment successful.,38a9a38c-6e16-42eb-b0cd-0be9a0d5cfaf,0
