2015-11-14T18:08:32.2341593Z,Updating branch 'master'.,5eef1099-4376-450c-8df9-6c0f0e09e606,0
2015-11-14T18:08:32.5474358Z,Updating submodules.,7c8e82fd-519e-46a1-8f68-dcd7a2592722,0
2015-11-14T18:08:32.5786858Z,Preparing deployment for commit id 'af31df414d'.,cabc78ed-a6c6-4e60-89c1-3d904b2c9fe8,0
	2015-11-14T18:08:32.7547505Z,Found solution 'D:\home\site\wwwroot\FlaskWebProject.sln' with no deployable projects. Deploying files instead.,,0
2015-11-14T18:08:32.8286964Z,Generating deployment script.,d4f72b40-de3b-488c-b150-7d52a2eea9f9,0
	2015-11-14T18:08:32.9068429Z,Using cached version of deployment script (command: 'azure -y --no-dot-deployment -r "D:\home\site\wwwroot" -o "D:\home\site\deployments\tools" --python').,,0
2015-11-14T18:08:32.9411551Z,Running deployment command...,3f7368a6-7046-4af8-9e74-6fb7c0e0ac50,0
	2015-11-14T18:08:32.9567768Z,Command: "D:\home\site\deployments\tools\deploy.cmd",,0
	2015-11-14T18:08:33.6959096Z,Handling python deployment.,,0
	2015-11-14T18:08:33.6959096Z,Detected requirements.txt.  You can skip Python specific steps with a .skipPythonDeployment file.,,0
	2015-11-14T18:08:33.8534311Z,Detecting Python runtime from site configuration,,0
	2015-11-14T18:08:33.8990656Z,Detected python-2.7,,0
	2015-11-14T18:08:33.9146671Z,Found compatible virtual environment.,,0
	2015-11-14T18:08:33.9146671Z,Pip install requirements.,,0
	2015-11-14T18:08:37.2851992Z,Requirement already satisfied (use --upgrade to upgrade): Flask<1 in d:\home\site\wwwroot\env\lib\site-packages (from -r requirements.txt (line 1)),,0
	2015-11-14T18:08:37.3008003Z,Requirement already satisfied (use --upgrade to upgrade): Werkzeug>=0.7 in d:\home\site\wwwroot\env\lib\site-packages (from Flask<1->-r requirements.txt (line 1)),,0
	2015-11-14T18:08:37.3008003Z,Requirement already satisfied (use --upgrade to upgrade): Jinja2>=2.4 in d:\home\site\wwwroot\env\lib\site-packages (from Flask<1->-r requirements.txt (line 1)),,0
	2015-11-14T18:08:37.3164450Z,Requirement already satisfied (use --upgrade to upgrade): itsdangerous>=0.21 in d:\home\site\wwwroot\env\lib\site-packages (from Flask<1->-r requirements.txt (line 1)),,0
	2015-11-14T18:08:37.3164450Z,Cleaning up...,,0
	2015-11-14T18:08:37.3476770Z,Overwriting web.config with web.2.7.config,,0
	2015-11-14T18:08:37.3847108Z,        1 file(s) copied.,,0
	2015-11-14T18:08:37.4258312Z,Finished successfully.,,0
2015-11-14T18:08:37.4588117Z,Deployment successful.,6a723606-5996-49c2-8516-643331562030,0
