2015-11-14T18:02:14.6338467Z,Updating branch 'master'.,04f3ca1b-6925-4c9f-ad7c-b830c00334bf,0
2015-11-14T18:02:14.8838292Z,Updating submodules.,9a4d4259-b670-4c95-98f4-b8063bcc7e22,0
2015-11-14T18:02:14.9313073Z,Preparing deployment for commit id 'c763e05fa8'.,b27822cb-9095-4b28-b511-1052ea6dffa5,0
	2015-11-14T18:02:15.0416846Z,Found solution 'D:\home\site\wwwroot\FlaskWebProject.sln' with no deployable projects. Deploying files instead.,,0
2015-11-14T18:02:15.1354392Z,Generating deployment script.,1dbc486d-8212-4381-947c-0280dd87199e,0
	2015-11-14T18:02:15.2135698Z,Using cached version of deployment script (command: 'azure -y --no-dot-deployment -r "D:\home\site\wwwroot" -o "D:\home\site\deployments\tools" --python').,,0
2015-11-14T18:02:15.2447985Z,Running deployment command...,a3e1efc3-3534-49c1-8906-b72d35f98546,0
	2015-11-14T18:02:15.2604251Z,Command: "D:\home\site\deployments\tools\deploy.cmd",,0
	2015-11-14T18:02:15.9167153Z,Handling python deployment.,,0
	2015-11-14T18:02:15.9167153Z,Detected requirements.txt.  You can skip Python specific steps with a .skipPythonDeployment file.,,0
	2015-11-14T18:02:16.0618076Z,Detecting Python runtime from site configuration,,0
	2015-11-14T18:02:16.0618076Z,Detected python-2.7,,0
	2015-11-14T18:02:16.0729717Z,Found compatible virtual environment.,,0
	2015-11-14T18:02:16.0729717Z,Pip install requirements.,,0
	2015-11-14T18:02:19.2085207Z,Requirement already satisfied (use --upgrade to upgrade): Flask<1 in d:\home\site\wwwroot\env\lib\site-packages (from -r requirements.txt (line 1)),,0
	2015-11-14T18:02:19.2085207Z,Requirement already satisfied (use --upgrade to upgrade): Werkzeug>=0.7 in d:\home\site\wwwroot\env\lib\site-packages (from Flask<1->-r requirements.txt (line 1)),,0
	2015-11-14T18:02:19.2241104Z,Requirement already satisfied (use --upgrade to upgrade): Jinja2>=2.4 in d:\home\site\wwwroot\env\lib\site-packages (from Flask<1->-r requirements.txt (line 1)),,0
	2015-11-14T18:02:19.2397335Z,Requirement already satisfied (use --upgrade to upgrade): itsdangerous>=0.21 in d:\home\site\wwwroot\env\lib\site-packages (from Flask<1->-r requirements.txt (line 1)),,0
	2015-11-14T18:02:19.2397335Z,Cleaning up...,,0
	2015-11-14T18:02:19.2710138Z,Overwriting web.config with web.2.7.config,,0
	2015-11-14T18:02:19.2866156Z,        1 file(s) copied.,,0
	2015-11-14T18:02:19.3178606Z,Finished successfully.,,0
2015-11-14T18:02:19.3491125Z,Deployment successful.,cf12d107-6e8b-43da-bf44-8ce8ca3d27ac,0
