2015-11-14T21:12:59.6656582Z,Updating branch 'master'.,afacb163-0bd8-4757-9d56-68283dd7e515,0
2015-11-14T21:12:59.9156715Z,Updating submodules.,9d406f00-6979-403d-b959-ac1a2f304982,0
2015-11-14T21:12:59.9937644Z,Preparing deployment for commit id 'e2525976d8'.,81f97470-2f3c-4050-b102-99a0cf9f0260,0
	2015-11-14T21:13:00.1500377Z,Found solution 'D:\home\site\wwwroot\FlaskWebProject.sln' with no deployable projects. Deploying files instead.,,0
2015-11-14T21:13:00.2281730Z,Generating deployment script.,55aa12a1-9c28-474b-8cf9-126998ebeca1,0
	2015-11-14T21:13:00.3219165Z,Using cached version of deployment script (command: 'azure -y --no-dot-deployment -r "D:\home\site\wwwroot" -o "D:\home\site\deployments\tools" --python').,,0
2015-11-14T21:13:00.3531981Z,Running deployment command...,e2705655-3628-4b0b-8713-cf3827c8d32c,0
	2015-11-14T21:13:00.3531981Z,Command: "D:\home\site\deployments\tools\deploy.cmd",,0
	2015-11-14T21:13:01.0719160Z,Handling python deployment.,,0
	2015-11-14T21:13:01.0875408Z,Detected requirements.txt.  You can skip Python specific steps with a .skipPythonDeployment file.,,0
	2015-11-14T21:13:01.2239592Z,Detecting Python runtime from site configuration,,0
	2015-11-14T21:13:01.2358345Z,Detected python-2.7,,0
	2015-11-14T21:13:01.2514590Z,Found compatible virtual environment.,,0
	2015-11-14T21:13:01.2514590Z,Pip install requirements.,,0
	2015-11-14T21:13:04.4450866Z,Requirement already satisfied (use --upgrade to upgrade): Flask<1 in d:\home\site\wwwroot\env\lib\site-packages (from -r requirements.txt (line 1)),,0
	2015-11-14T21:13:04.4607087Z,Requirement already satisfied (use --upgrade to upgrade): Werkzeug>=0.7 in d:\home\site\wwwroot\env\lib\site-packages (from Flask<1->-r requirements.txt (line 1)),,0
	2015-11-14T21:13:04.4607087Z,Requirement already satisfied (use --upgrade to upgrade): Jinja2>=2.4 in d:\home\site\wwwroot\env\lib\site-packages (from Flask<1->-r requirements.txt (line 1)),,0
	2015-11-14T21:13:04.4763275Z,Requirement already satisfied (use --upgrade to upgrade): itsdangerous>=0.21 in d:\home\site\wwwroot\env\lib\site-packages (from Flask<1->-r requirements.txt (line 1)),,0
	2015-11-14T21:13:04.4763275Z,Cleaning up...,,0
	2015-11-14T21:13:04.5075577Z,Overwriting web.config with web.2.7.config,,0
	2015-11-14T21:13:04.5231817Z,        1 file(s) copied.,,0
	2015-11-14T21:13:04.5544509Z,Finished successfully.,,0
2015-11-14T21:13:04.6013091Z,Deployment successful.,259442fe-1677-4ce9-906f-06f710a2fdee,0
