2015-11-14T21:21:33.7365953Z,Updating branch 'master'.,9faf62d5-15b6-4263-bcd7-04b477a528ca,0
2015-11-14T21:21:33.9866022Z,Updating submodules.,8df0da7e-aa34-4dc7-a69d-8fa4ca9b431f,0
2015-11-14T21:21:34.0334766Z,Preparing deployment for commit id '0db34957f9'.,e347c0cf-9337-4772-bc02-1cc349eb64c1,0
	2015-11-14T21:21:34.2053753Z,Found solution 'D:\home\site\wwwroot\FlaskWebProject.sln' with no deployable projects. Deploying files instead.,,0
2015-11-14T21:21:34.2991262Z,Generating deployment script.,4c6ee58c-2b86-4aff-acfe-48201c64d758,0
	2015-11-14T21:21:34.3772359Z,Using cached version of deployment script (command: 'azure -y --no-dot-deployment -r "D:\home\site\wwwroot" -o "D:\home\site\deployments\tools" --python').,,0
2015-11-14T21:21:34.4241134Z,Running deployment command...,2d8d53a9-900a-4c9b-98f3-96d9635f169d,0
	2015-11-14T21:21:34.4241134Z,Command: "D:\home\site\deployments\tools\deploy.cmd",,0
	2015-11-14T21:21:35.1585259Z,Handling python deployment.,,0
	2015-11-14T21:21:35.1585259Z,Detected requirements.txt.  You can skip Python specific steps with a .skipPythonDeployment file.,,0
	2015-11-14T21:21:35.6011080Z,Detecting Python runtime from site configuration,,0
	2015-11-14T21:21:35.6167143Z,Detected python-3.4,,0
	2015-11-14T21:21:35.6167143Z,Deleting incompatible virtual environment.,,0
	2015-11-14T21:22:00.8772637Z,Creating python-3.4 virtual environment.,,0
	2015-11-14T21:22:43.6341894Z,Pip install requirements.,,0
	2015-11-14T21:22:45.8704530Z,Downloading/unpacking Flask<1 (from -r requirements.txt (line 1)),,0
	2015-11-14T21:22:48.0826279Z,  Running setup.py (path:D:\home\site\wwwroot\env\build\Flask\setup.py) egg_info for package Flask,,0
	2015-11-14T21:22:49.8245842Z,    ,,0
	2015-11-14T21:22:50.1387152Z,    warning: no files found matching '*' under directory 'tests',,0
	2015-11-14T21:22:50.1543680Z,    warning: no previously-included files matching '*.pyc' found under directory 'docs',,0
	2015-11-14T21:22:50.1699964Z,    warning: no previously-included files matching '*.pyo' found under directory 'docs',,0
	2015-11-14T21:22:50.1699964Z,    warning: no previously-included files matching '*.pyc' found under directory 'tests',,0
	2015-11-14T21:22:50.1699964Z,    warning: no previously-included files matching '*.pyo' found under directory 'tests',,0
	2015-11-14T21:22:50.1699964Z,    warning: no previously-included files matching '*.pyc' found under directory 'examples',,0
	2015-11-14T21:22:50.1855963Z,    warning: no previously-included files matching '*.pyo' found under directory 'examples',,0
	2015-11-14T21:22:50.1855963Z,    no previously-included directories found matching 'docs\_build',,0
	2015-11-14T21:22:50.1855963Z,    no previously-included directories found matching 'docs\_themes\.git',,0
	2015-11-14T21:22:50.2481218Z,Downloading/unpacking Werkzeug>=0.7 (from Flask<1->-r requirements.txt (line 1)),,0
	2015-11-14T21:22:50.7095125Z,Downloading/unpacking Jinja2>=2.4 (from Flask<1->-r requirements.txt (line 1)),,0
	2015-11-14T21:22:51.3262434Z,Downloading/unpacking itsdangerous>=0.21 (from Flask<1->-r requirements.txt (line 1)),,0
	2015-11-14T21:22:51.6543751Z,  Running setup.py (path:D:\home\site\wwwroot\env\build\itsdangerous\setup.py) egg_info for package itsdangerous,,0
	2015-11-14T21:22:52.8575229Z,    ,,0
	2015-11-14T21:22:53.1092233Z,    warning: no previously-included files matching '*' found under directory 'docs\_build',,0
	2015-11-14T21:22:53.2029533Z,Downloading/unpacking MarkupSafe (from Jinja2>=2.4->Flask<1->-r requirements.txt (line 1)),,0
	2015-11-14T21:22:53.2654726Z,  Downloading MarkupSafe-0.23.tar.gz,,0
	2015-11-14T21:22:53.3904974Z,  Running setup.py (path:D:\home\site\wwwroot\env\build\MarkupSafe\setup.py) egg_info for package MarkupSafe,,0
	2015-11-14T21:22:54.5999819Z,    ,,0
	2015-11-14T21:22:54.9125040Z,Installing collected packages: Flask&comma; Werkzeug&comma; Jinja2&comma; itsdangerous&comma; MarkupSafe,,0
	2015-11-14T21:22:54.9125040Z,  Running setup.py install for Flask,,0
	2015-11-14T21:22:57.5257586Z,    ,,0
	2015-11-14T21:22:57.9482539Z,    warning: no files found matching '*' under directory 'tests',,0
	2015-11-14T21:22:57.9482539Z,    warning: no previously-included files matching '*.pyc' found under directory 'docs',,0
	2015-11-14T21:22:57.9673565Z,    warning: no previously-included files matching '*.pyo' found under directory 'docs',,0
	2015-11-14T21:22:57.9795461Z,    warning: no previously-included files matching '*.pyc' found under directory 'tests',,0
	2015-11-14T21:22:57.9951479Z,    warning: no previously-included files matching '*.pyo' found under directory 'tests',,0
	2015-11-14T21:22:57.9951479Z,    warning: no previously-included files matching '*.pyc' found under directory 'examples',,0
	2015-11-14T21:22:57.9951479Z,    warning: no previously-included files matching '*.pyo' found under directory 'examples',,0
	2015-11-14T21:22:58.0107534Z,    no previously-included directories found matching 'docs\_build',,0
	2015-11-14T21:22:58.0107534Z,    no previously-included directories found matching 'docs\_themes\.git',,0
	2015-11-14T21:23:10.3119448Z,  Running setup.py install for itsdangerous,,0
	2015-11-14T21:23:11.7751661Z,    ,,0
	2015-11-14T21:23:11.9470880Z,    warning: no previously-included files matching '*' found under directory 'docs\_build',,0
	2015-11-14T21:23:12.1991575Z,  Running setup.py install for MarkupSafe,,0
	2015-11-14T21:23:13.4985087Z,    ,,0
	2015-11-14T21:23:13.6596127Z,    building 'markupsafe._speedups' extension,,0
	2015-11-14T21:23:13.6752369Z,    ==========================================================================,,0
	2015-11-14T21:23:13.6752369Z,    WARNING: The C extension could not be compiled&comma; speedups are not enabled.,,0
	2015-11-14T21:23:13.6908628Z,    Failure information&comma; if any&comma; is above.,,0
	2015-11-14T21:23:13.6908628Z,    Retrying the build without the C extension now.,,0
	2015-11-14T21:23:13.6908628Z,    ,,0
	2015-11-14T21:23:13.8198221Z,    ,,0
	2015-11-14T21:23:14.4081428Z,    ==========================================================================,,0
	2015-11-14T21:23:14.4081428Z,    WARNING: The C extension could not be compiled&comma; speedups are not enabled.,,0
	2015-11-14T21:23:14.4237752Z,    Plain-Python installation succeeded.,,0
	2015-11-14T21:23:14.4393989Z,    ==========================================================================,,0
	2015-11-14T21:23:14.4706690Z,Successfully installed Flask Werkzeug Jinja2 itsdangerous MarkupSafe,,0
	2015-11-14T21:23:14.4706690Z,Cleaning up...,,0
	2015-11-14T21:23:26.2282332Z,Overwriting web.config with web.3.4.config,,0
	2015-11-14T21:23:26.2434619Z,        1 file(s) copied.,,0
	2015-11-14T21:23:26.2903468Z,Finished successfully.,,0
2015-11-14T21:23:26.3528596Z,Deployment successful.,563c034f-b981-4776-b2da-07fad1cf6323,0
