2015-11-14T21:16:38.7066830Z,Updating branch 'master'.,c9f6dcce-0749-4510-8429-640fef7ef5b6,0
2015-11-14T21:16:38.9410470Z,Updating submodules.,f222dbfc-77c4-486e-8a53-6306ae6b7b1c,0
2015-11-14T21:16:38.9879241Z,Preparing deployment for commit id 'b838135f6f'.,5076979e-eb82-4537-9f49-4f1ebe294def,0
	2015-11-14T21:16:39.1285560Z,Found solution 'D:\home\site\wwwroot\FlaskWebProject.sln' with no deployable projects. Deploying files instead.,,0
2015-11-14T21:16:39.2223088Z,Generating deployment script.,b93d0e91-3a14-4b04-8d4c-2cb01a073f78,0
	2015-11-14T21:16:39.3004276Z,Using cached version of deployment script (command: 'azure -y --no-dot-deployment -r "D:\home\site\wwwroot" -o "D:\home\site\deployments\tools" --python').,,0
2015-11-14T21:16:39.3316793Z,Running deployment command...,4b0fcc10-0224-4bf1-9b55-6483b11a8fec,0
	2015-11-14T21:16:39.3316793Z,Command: "D:\home\site\deployments\tools\deploy.cmd",,0
	2015-11-14T21:16:40.0816952Z,Handling python deployment.,,0
	2015-11-14T21:16:40.0972951Z,Detected requirements.txt.  You can skip Python specific steps with a .skipPythonDeployment file.,,0
	2015-11-14T21:16:40.2207580Z,Detecting Python runtime from site configuration,,0
	2015-11-14T21:16:40.2363864Z,Detected python-2.7,,0
	2015-11-14T21:16:40.2363864Z,Found compatible virtual environment.,,0
	2015-11-14T21:16:40.2520283Z,Pip install requirements.,,0
	2015-11-14T21:16:43.2956977Z,Requirement already satisfied (use --upgrade to upgrade): Flask<1 in d:\home\site\wwwroot\env\lib\site-packages (from -r requirements.txt (line 1)),,0
	2015-11-14T21:16:43.2956977Z,Requirement already satisfied (use --upgrade to upgrade): Werkzeug>=0.7 in d:\home\site\wwwroot\env\lib\site-packages (from Flask<1->-r requirements.txt (line 1)),,0
	2015-11-14T21:16:43.3083006Z,Requirement already satisfied (use --upgrade to upgrade): Jinja2>=2.4 in d:\home\site\wwwroot\env\lib\site-packages (from Flask<1->-r requirements.txt (line 1)),,0
	2015-11-14T21:16:43.3083006Z,Requirement already satisfied (use --upgrade to upgrade): itsdangerous>=0.21 in d:\home\site\wwwroot\env\lib\site-packages (from Flask<1->-r requirements.txt (line 1)),,0
	2015-11-14T21:16:43.3239262Z,Cleaning up...,,0
	2015-11-14T21:16:43.3574202Z,Overwriting web.config with web.2.7.config,,0
	2015-11-14T21:16:43.3730694Z,        1 file(s) copied.,,0
	2015-11-14T21:16:43.4043028Z,Finished successfully.,,0
2015-11-14T21:16:43.4511776Z,Deployment successful.,66543cdd-5b21-435e-a897-88bc992b257c,0
