2015-11-14T17:48:59.9819298Z,Updating branch 'master'.,4787a444-1ee5-4a00-b60a-424f5b2732c0,0
2015-11-14T17:49:00.2475436Z,Updating submodules.,5981b972-ef7c-4acc-9301-68d68ffd77cf,0
2015-11-14T17:49:00.2787951Z,Preparing deployment for commit id 'fb8092d9c9'.,64a9c5aa-5853-4925-809e-3cb9543f8e12,0
	2015-11-14T17:49:00.4194463Z,Found solution 'D:\home\site\wwwroot\FlaskWebProject.sln' with no deployable projects. Deploying files instead.,,0
2015-11-14T17:49:00.5288055Z,Generating deployment script.,7bba1539-3d8f-4d3f-a576-e6523b4fd075,0
	2015-11-14T17:49:00.6069534Z,Using cached version of deployment script (command: 'azure -y --no-dot-deployment -r "D:\home\site\wwwroot" -o "D:\home\site\deployments\tools" --python').,,0
2015-11-14T17:49:00.6538156Z,Running deployment command...,9e64ef7f-36f6-46ed-b8a7-b4d2e800ce56,0
	2015-11-14T17:49:00.6538156Z,Command: "D:\home\site\deployments\tools\deploy.cmd",,0
	2015-11-14T17:49:01.2788365Z,Handling python deployment.,,0
	2015-11-14T17:49:01.2944604Z,Detected requirements.txt.  You can skip Python specific steps with a .skipPythonDeployment file.,,0
	2015-11-14T17:49:01.4069144Z,Detecting Python runtime from site configuration,,0
	2015-11-14T17:49:01.4194629Z,Detected python-2.7,,0
	2015-11-14T17:49:01.4350889Z,Found compatible virtual environment.,,0
	2015-11-14T17:49:01.4350889Z,Pip install requirements.,,0
	2015-11-14T17:49:04.6227385Z,Requirement already satisfied (use --upgrade to upgrade): Flask<1 in d:\home\site\wwwroot\env\lib\site-packages (from -r requirements.txt (line 1)),,0
	2015-11-14T17:49:04.6227385Z,Requirement already satisfied (use --upgrade to upgrade): Werkzeug>=0.7 in d:\home\site\wwwroot\env\lib\site-packages (from Flask<1->-r requirements.txt (line 1)),,0
	2015-11-14T17:49:04.6383385Z,Requirement already satisfied (use --upgrade to upgrade): Jinja2>=2.4 in d:\home\site\wwwroot\env\lib\site-packages (from Flask<1->-r requirements.txt (line 1)),,0
	2015-11-14T17:49:04.6383385Z,Requirement already satisfied (use --upgrade to upgrade): itsdangerous>=0.21 in d:\home\site\wwwroot\env\lib\site-packages (from Flask<1->-r requirements.txt (line 1)),,0
	2015-11-14T17:49:04.6383385Z,Cleaning up...,,0
	2015-11-14T17:49:04.6852439Z,Overwriting web.config with web.2.7.config,,0
	2015-11-14T17:49:04.7008405Z,        1 file(s) copied.,,0
	2015-11-14T17:49:04.7320923Z,Finished successfully.,,0
2015-11-14T17:49:04.7789677Z,Deployment successful.,b2066768-2173-440e-a822-199ae4ad0d71,0
