2015-11-14T21:14:06.9031207Z,Updating branch 'master'.,519405e6-aa88-4e6e-8b2c-85c6728d1990,0
2015-11-14T21:14:07.1531386Z,Updating submodules.,17e9aca1-b267-4712-975c-3ecb509ae397,0
2015-11-14T21:14:07.2060405Z,Preparing deployment for commit id '07d9b6abb4'.,e025999c-5cac-479e-9e0d-a7847232d2ae,0
	2015-11-14T21:14:07.3622902Z,Found solution 'D:\home\site\wwwroot\FlaskWebProject.sln' with no deployable projects. Deploying files instead.,,0
2015-11-14T21:14:07.4560425Z,Generating deployment script.,462456dd-6180-4ca3-a4ec-31cb607fe2aa,0
	2015-11-14T21:14:07.5254435Z,Using cached version of deployment script (command: 'azure -y --no-dot-deployment -r "D:\home\site\wwwroot" -o "D:\home\site\deployments\tools" --python').,,0
2015-11-14T21:14:07.5566945Z,Running deployment command...,9ba9da15-e98e-434e-a057-23427b837245,0
	2015-11-14T21:14:07.5566945Z,Command: "D:\home\site\deployments\tools\deploy.cmd",,0
	2015-11-14T21:14:08.2291594Z,Handling python deployment.,,0
	2015-11-14T21:14:08.2447854Z,Detected requirements.txt.  You can skip Python specific steps with a .skipPythonDeployment file.,,0
	2015-11-14T21:14:08.3541624Z,Detecting Python runtime from site configuration,,0
	2015-11-14T21:14:08.3541624Z,Detected python-2.7,,0
	2015-11-14T21:14:08.3854130Z,Found compatible virtual environment.,,0
	2015-11-14T21:14:08.3854130Z,Pip install requirements.,,0
	2015-11-14T21:14:11.4585531Z,Requirement already satisfied (use --upgrade to upgrade): Flask<1 in d:\home\site\wwwroot\env\lib\site-packages (from -r requirements.txt (line 1)),,0
	2015-11-14T21:14:11.4741844Z,Requirement already satisfied (use --upgrade to upgrade): Werkzeug>=0.7 in d:\home\site\wwwroot\env\lib\site-packages (from Flask<1->-r requirements.txt (line 1)),,0
	2015-11-14T21:14:11.4741844Z,Requirement already satisfied (use --upgrade to upgrade): Jinja2>=2.4 in d:\home\site\wwwroot\env\lib\site-packages (from Flask<1->-r requirements.txt (line 1)),,0
	2015-11-14T21:14:11.4897816Z,Requirement already satisfied (use --upgrade to upgrade): itsdangerous>=0.21 in d:\home\site\wwwroot\env\lib\site-packages (from Flask<1->-r requirements.txt (line 1)),,0
	2015-11-14T21:14:11.4897816Z,Cleaning up...,,0
	2015-11-14T21:14:11.5210561Z,Overwriting web.config with web.2.7.config,,0
	2015-11-14T21:14:11.5366765Z,        1 file(s) copied.,,0
	2015-11-14T21:14:11.5835332Z,Finished successfully.,,0
2015-11-14T21:14:11.6479482Z,Deployment successful.,57b4598f-e13e-4e0c-bb53-baa23a1d74a9,0
